  [1m[36m (171.5ms)[0m  [1mDROP DATABASE IF EXISTS "reddit_on_rails_tet"[0m
  [1m[35m (384.5ms)[0m  CREATE DATABASE "reddit_on_rails_tet" ENCODING = 'utf8'
  [1m[36mSQL (0.3ms)[0m  [1mCREATE EXTENSION IF NOT EXISTS "plpgsql"[0m
  [1m[35m (5.2ms)[0m  CREATE TABLE "comments" ("id" serial primary key, "body" text NOT NULL, "parent_comment_id" integer, "post_id" integer NOT NULL, "user_id" integer NOT NULL, "created_at" timestamp, "updated_at" timestamp) 
  [1m[36m (1.0ms)[0m  [1mCREATE  INDEX  "index_comments_on_post_id" ON "comments" USING btree ("post_id")[0m
  [1m[35m (2.4ms)[0m  CREATE TABLE "post_subs" ("id" serial primary key, "post_id" integer NOT NULL, "sub_id" integer NOT NULL, "created_at" timestamp, "updated_at" timestamp) 
  [1m[36m (1.0ms)[0m  [1mCREATE UNIQUE INDEX  "index_post_subs_on_post_id_and_sub_id" ON "post_subs" USING btree ("post_id", "sub_id")[0m
  [1m[35m (0.9ms)[0m  CREATE  INDEX  "index_post_subs_on_post_id" ON "post_subs" USING btree ("post_id")
  [1m[36m (0.9ms)[0m  [1mCREATE  INDEX  "index_post_subs_on_sub_id" ON "post_subs" USING btree ("sub_id")[0m
  [1m[35m (3.7ms)[0m  CREATE TABLE "posts" ("id" serial primary key, "title" character varying NOT NULL, "url" character varying, "content" text, "user_id" integer NOT NULL, "created_at" timestamp, "updated_at" timestamp) 
  [1m[36m (1.1ms)[0m  [1mCREATE  INDEX  "index_posts_on_user_id" ON "posts" USING btree ("user_id")[0m
  [1m[35m (3.5ms)[0m  CREATE TABLE "subs" ("id" serial primary key, "moderator_id" integer NOT NULL, "name" character varying NOT NULL, "description" text NOT NULL, "created_at" timestamp, "updated_at" timestamp) 
  [1m[36m (1.2ms)[0m  [1mCREATE UNIQUE INDEX  "index_subs_on_name" ON "subs" USING btree ("name")[0m
  [1m[35m (3.4ms)[0m  CREATE TABLE "user_votes" ("id" serial primary key, "user_id" integer NOT NULL, "value" integer NOT NULL, "created_at" timestamp, "updated_at" timestamp, "votable_id" integer NOT NULL, "votable_type" character varying NOT NULL) 
  [1m[36m (1.1ms)[0m  [1mCREATE UNIQUE INDEX  "index_user_votes_on_user_id_and_votable_id_and_votable_type" ON "user_votes" USING btree ("user_id", "votable_id", "votable_type")[0m
  [1m[35m (1.0ms)[0m  CREATE  INDEX  "index_user_votes_on_votable_id_and_votable_type" ON "user_votes" USING btree ("votable_id", "votable_type")
  [1m[36m (3.1ms)[0m  [1mCREATE TABLE "users" ("id" serial primary key, "name" character varying NOT NULL, "password_digest" character varying NOT NULL, "session_token" character varying NOT NULL, "created_at" timestamp, "updated_at" timestamp) [0m
  [1m[35m (0.9ms)[0m  CREATE UNIQUE INDEX  "index_users_on_name" ON "users" USING btree ("name")
  [1m[36m (0.8ms)[0m  [1mCREATE UNIQUE INDEX  "index_users_on_session_token" ON "users" USING btree ("session_token")[0m
  [1m[35m (1.7ms)[0m  CREATE TABLE "schema_migrations" ("version" character varying NOT NULL) 
  [1m[36m (1.0ms)[0m  [1mCREATE UNIQUE INDEX  "unique_schema_migrations" ON "schema_migrations"  ("version")[0m
  [1m[35m (0.3ms)[0m  SELECT version FROM "schema_migrations"
  [1m[36m (0.8ms)[0m  [1mINSERT INTO "schema_migrations" (version) VALUES ('20140829211404')[0m
  [1m[35m (0.3ms)[0m  INSERT INTO "schema_migrations" (version) VALUES ('20131115145804')
  [1m[36m (0.2ms)[0m  [1mINSERT INTO "schema_migrations" (version) VALUES ('20131115200057')[0m
  [1m[35m (0.3ms)[0m  INSERT INTO "schema_migrations" (version) VALUES ('20131117152206')
  [1m[36m (0.2ms)[0m  [1mINSERT INTO "schema_migrations" (version) VALUES ('20131117152446')[0m
  [1m[35m (0.2ms)[0m  INSERT INTO "schema_migrations" (version) VALUES ('20131117152529')
  [1m[36m (0.2ms)[0m  [1mINSERT INTO "schema_migrations" (version) VALUES ('20131117152902')[0m
  [1m[35m (0.2ms)[0m  INSERT INTO "schema_migrations" (version) VALUES ('20140829205518')
  [1m[36m (4.6ms)[0m  [1mCREATE TABLE "schema_migrations" ("version" character varying NOT NULL) [0m
  [1m[35m (1.3ms)[0m  CREATE UNIQUE INDEX  "unique_schema_migrations" ON "schema_migrations"  ("version")
  [1m[36mActiveRecord::SchemaMigration Load (0.5ms)[0m  [1mSELECT "schema_migrations".* FROM "schema_migrations"[0m
Migrating to CreateUsers (20131115145804)
  [1m[35m (0.1ms)[0m  BEGIN
DEPRECATION WARNING: `#timestamps` was called without specifying an option for `null`. In Rails 5, this behavior will change to `null: false`. You should manually specify `null: true` to prevent the behavior of your existing migrations from changing. (called from block in change at /Users/leosalat/projects_git/homeworks/w5d1/aa_reddit_clone/db/migrate/20131115145804_create_users.rb:7)
  [1m[36m (3.9ms)[0m  [1mCREATE TABLE "users" ("id" serial primary key, "name" character varying NOT NULL, "password_digest" character varying NOT NULL, "session_token" character varying NOT NULL, "created_at" timestamp, "updated_at" timestamp) [0m
  [1m[35m (0.8ms)[0m  CREATE UNIQUE INDEX  "index_users_on_name" ON "users"  ("name")
  [1m[36m (0.8ms)[0m  [1mCREATE UNIQUE INDEX  "index_users_on_session_token" ON "users"  ("session_token")[0m
  [1m[35mSQL (0.3ms)[0m  INSERT INTO "schema_migrations" ("version") VALUES ($1)  [["version", "20131115145804"]]
  [1m[36m (0.4ms)[0m  [1mCOMMIT[0m
Migrating to CreateSubs (20131115200057)
  [1m[35m (0.2ms)[0m  BEGIN
DEPRECATION WARNING: `#timestamps` was called without specifying an option for `null`. In Rails 5, this behavior will change to `null: false`. You should manually specify `null: true` to prevent the behavior of your existing migrations from changing. (called from block in change at /Users/leosalat/projects_git/homeworks/w5d1/aa_reddit_clone/db/migrate/20131115200057_create_subs.rb:7)
  [1m[36m (3.1ms)[0m  [1mCREATE TABLE "subs" ("id" serial primary key, "moderator_id" integer NOT NULL, "name" character varying NOT NULL, "description" text NOT NULL, "created_at" timestamp, "updated_at" timestamp) [0m
  [1m[35m (0.8ms)[0m  CREATE UNIQUE INDEX  "index_subs_on_name" ON "subs"  ("name")
  [1m[36mSQL (0.1ms)[0m  [1mINSERT INTO "schema_migrations" ("version") VALUES ($1)[0m  [["version", "20131115200057"]]
  [1m[35m (0.3ms)[0m  COMMIT
Migrating to CreatePosts (20131117152206)
  [1m[36m (0.2ms)[0m  [1mBEGIN[0m
DEPRECATION WARNING: `#timestamps` was called without specifying an option for `null`. In Rails 5, this behavior will change to `null: false`. You should manually specify `null: true` to prevent the behavior of your existing migrations from changing. (called from block in change at /Users/leosalat/projects_git/homeworks/w5d1/aa_reddit_clone/db/migrate/20131117152206_create_posts.rb:9)
  [1m[35m (4.0ms)[0m  CREATE TABLE "posts" ("id" serial primary key, "title" character varying NOT NULL, "url" character varying, "content" text, "user_id" integer NOT NULL, "created_at" timestamp, "updated_at" timestamp) 
  [1m[36m (1.7ms)[0m  [1mCREATE  INDEX  "index_posts_on_user_id" ON "posts"  ("user_id")[0m
  [1m[35mSQL (0.2ms)[0m  INSERT INTO "schema_migrations" ("version") VALUES ($1)  [["version", "20131117152206"]]
  [1m[36m (0.4ms)[0m  [1mCOMMIT[0m
Migrating to CreatePostSubs (20131117152446)
  [1m[35m (0.3ms)[0m  BEGIN
DEPRECATION WARNING: `#timestamps` was called without specifying an option for `null`. In Rails 5, this behavior will change to `null: false`. You should manually specify `null: true` to prevent the behavior of your existing migrations from changing. (called from block in change at /Users/leosalat/projects_git/homeworks/w5d1/aa_reddit_clone/db/migrate/20131117152446_create_post_subs.rb:6)
  [1m[36m (3.5ms)[0m  [1mCREATE TABLE "post_subs" ("id" serial primary key, "post_id" integer NOT NULL, "sub_id" integer NOT NULL, "created_at" timestamp, "updated_at" timestamp) [0m
  [1m[35m (0.8ms)[0m  CREATE  INDEX  "index_post_subs_on_post_id" ON "post_subs"  ("post_id")
  [1m[36m (0.8ms)[0m  [1mCREATE  INDEX  "index_post_subs_on_sub_id" ON "post_subs"  ("sub_id")[0m
  [1m[35m (1.4ms)[0m  CREATE UNIQUE INDEX  "index_post_subs_on_post_id_and_sub_id" ON "post_subs"  ("post_id", "sub_id")
  [1m[36mSQL (0.2ms)[0m  [1mINSERT INTO "schema_migrations" ("version") VALUES ($1)[0m  [["version", "20131117152446"]]
  [1m[35m (0.4ms)[0m  COMMIT
Migrating to CreateComments (20131117152529)
  [1m[36m (0.2ms)[0m  [1mBEGIN[0m
DEPRECATION WARNING: `#timestamps` was called without specifying an option for `null`. In Rails 5, this behavior will change to `null: false`. You should manually specify `null: true` to prevent the behavior of your existing migrations from changing. (called from block in change at /Users/leosalat/projects_git/homeworks/w5d1/aa_reddit_clone/db/migrate/20131117152529_create_comments.rb:9)
  [1m[35m (4.6ms)[0m  CREATE TABLE "comments" ("id" serial primary key, "body" text NOT NULL, "parent_comment_id" integer, "post_id" integer NOT NULL, "user_id" integer NOT NULL, "created_at" timestamp, "updated_at" timestamp) 
  [1m[36m (0.8ms)[0m  [1mCREATE  INDEX  "index_comments_on_post_id" ON "comments"  ("post_id")[0m
  [1m[35mSQL (0.3ms)[0m  INSERT INTO "schema_migrations" ("version") VALUES ($1)  [["version", "20131117152529"]]
  [1m[36m (0.5ms)[0m  [1mCOMMIT[0m
Migrating to CreateUserVotes (20131117152902)
  [1m[35m (0.3ms)[0m  BEGIN
DEPRECATION WARNING: `#timestamps` was called without specifying an option for `null`. In Rails 5, this behavior will change to `null: false`. You should manually specify `null: true` to prevent the behavior of your existing migrations from changing. (called from block in change at /Users/leosalat/projects_git/homeworks/w5d1/aa_reddit_clone/db/migrate/20131117152902_create_user_votes.rb:7)
  [1m[36m (2.3ms)[0m  [1mCREATE TABLE "user_votes" ("id" serial primary key, "user_id" integer NOT NULL, "post_id" integer NOT NULL, "value" integer NOT NULL, "created_at" timestamp, "updated_at" timestamp) [0m
  [1m[35m (0.7ms)[0m  CREATE  INDEX  "index_user_votes_on_post_id" ON "user_votes"  ("post_id")
  [1m[36m (1.7ms)[0m  [1mCREATE UNIQUE INDEX  "index_user_votes_on_post_id_and_user_id" ON "user_votes"  ("post_id", "user_id")[0m
  [1m[35mSQL (0.2ms)[0m  INSERT INTO "schema_migrations" ("version") VALUES ($1)  [["version", "20131117152902"]]
  [1m[36m (0.4ms)[0m  [1mCOMMIT[0m
Migrating to AddPolymorphicAssociation (20140829205518)
  [1m[35m (0.2ms)[0m  BEGIN
  [1m[36m (2.4ms)[0m  [1mALTER TABLE "user_votes" DROP "post_id"[0m
  [1m[35m (0.6ms)[0m  ALTER TABLE "user_votes" ADD "voteable_id" integer NOT NULL
  [1m[36m (1.2ms)[0m  [1mALTER TABLE "user_votes" ADD "voteable_type" character varying NOT NULL[0m
  [1m[35m (1.2ms)[0m  CREATE  INDEX  "index_user_votes_on_voteable_id_and_voteable_type" ON "user_votes"  ("voteable_id", "voteable_type")
  [1m[36m (1.0ms)[0m  [1mCREATE UNIQUE INDEX  "index_user_votes_on_user_id_and_voteable_id_and_voteable_type" ON "user_votes"  ("user_id", "voteable_id", "voteable_type")[0m
  [1m[35mSQL (0.1ms)[0m  INSERT INTO "schema_migrations" ("version") VALUES ($1)  [["version", "20140829205518"]]
  [1m[36m (0.9ms)[0m  [1mCOMMIT[0m
Migrating to FixVotableSpelling (20140829211404)
  [1m[35m (0.1ms)[0m  BEGIN
  [1m[36m (0.3ms)[0m  [1mALTER TABLE "user_votes" RENAME COLUMN "voteable_id" TO "votable_id"[0m
  [1m[35m (0.3ms)[0m  ALTER INDEX "index_user_votes_on_user_id_and_voteable_id_and_voteable_type" RENAME TO "index_user_votes_on_user_id_and_votable_id_and_voteable_type"
  [1m[36m (0.3ms)[0m  [1mALTER INDEX "index_user_votes_on_voteable_id_and_voteable_type" RENAME TO "index_user_votes_on_votable_id_and_voteable_type"[0m
  [1m[35m (0.2ms)[0m  ALTER TABLE "user_votes" RENAME COLUMN "voteable_type" TO "votable_type"
  [1m[36m (0.2ms)[0m  [1mALTER INDEX "index_user_votes_on_user_id_and_votable_id_and_voteable_type" RENAME TO "index_user_votes_on_user_id_and_votable_id_and_votable_type"[0m
  [1m[35m (0.1ms)[0m  ALTER INDEX "index_user_votes_on_votable_id_and_voteable_type" RENAME TO "index_user_votes_on_votable_id_and_votable_type"
  [1m[36mSQL (0.1ms)[0m  [1mINSERT INTO "schema_migrations" ("version") VALUES ($1)[0m  [["version", "20140829211404"]]
  [1m[35m (0.3ms)[0m  COMMIT
  [1m[36mActiveRecord::SchemaMigration Load (0.2ms)[0m  [1mSELECT "schema_migrations".* FROM "schema_migrations"[0m
  [1m[35m (3.2ms)[0m  SELECT t2.oid::regclass::text AS to_table, a1.attname AS column, a2.attname AS primary_key, c.conname AS name, c.confupdtype AS on_update, c.confdeltype AS on_delete
FROM pg_constraint c
JOIN pg_class t1 ON c.conrelid = t1.oid
JOIN pg_class t2 ON c.confrelid = t2.oid
JOIN pg_attribute a1 ON a1.attnum = c.conkey[1] AND a1.attrelid = t1.oid
JOIN pg_attribute a2 ON a2.attnum = c.confkey[1] AND a2.attrelid = t2.oid
JOIN pg_namespace t3 ON c.connamespace = t3.oid
WHERE c.contype = 'f'
  AND t1.relname = 'comments'
  AND t3.nspname = ANY (current_schemas(false))
ORDER BY c.conname

  [1m[36m (2.6ms)[0m  [1mSELECT t2.oid::regclass::text AS to_table, a1.attname AS column, a2.attname AS primary_key, c.conname AS name, c.confupdtype AS on_update, c.confdeltype AS on_delete
FROM pg_constraint c
JOIN pg_class t1 ON c.conrelid = t1.oid
JOIN pg_class t2 ON c.confrelid = t2.oid
JOIN pg_attribute a1 ON a1.attnum = c.conkey[1] AND a1.attrelid = t1.oid
JOIN pg_attribute a2 ON a2.attnum = c.confkey[1] AND a2.attrelid = t2.oid
JOIN pg_namespace t3 ON c.connamespace = t3.oid
WHERE c.contype = 'f'
  AND t1.relname = 'post_subs'
  AND t3.nspname = ANY (current_schemas(false))
ORDER BY c.conname
[0m
  [1m[35m (2.6ms)[0m  SELECT t2.oid::regclass::text AS to_table, a1.attname AS column, a2.attname AS primary_key, c.conname AS name, c.confupdtype AS on_update, c.confdeltype AS on_delete
FROM pg_constraint c
JOIN pg_class t1 ON c.conrelid = t1.oid
JOIN pg_class t2 ON c.confrelid = t2.oid
JOIN pg_attribute a1 ON a1.attnum = c.conkey[1] AND a1.attrelid = t1.oid
JOIN pg_attribute a2 ON a2.attnum = c.confkey[1] AND a2.attrelid = t2.oid
JOIN pg_namespace t3 ON c.connamespace = t3.oid
WHERE c.contype = 'f'
  AND t1.relname = 'posts'
  AND t3.nspname = ANY (current_schemas(false))
ORDER BY c.conname

  [1m[36m (3.2ms)[0m  [1mSELECT t2.oid::regclass::text AS to_table, a1.attname AS column, a2.attname AS primary_key, c.conname AS name, c.confupdtype AS on_update, c.confdeltype AS on_delete
FROM pg_constraint c
JOIN pg_class t1 ON c.conrelid = t1.oid
JOIN pg_class t2 ON c.confrelid = t2.oid
JOIN pg_attribute a1 ON a1.attnum = c.conkey[1] AND a1.attrelid = t1.oid
JOIN pg_attribute a2 ON a2.attnum = c.confkey[1] AND a2.attrelid = t2.oid
JOIN pg_namespace t3 ON c.connamespace = t3.oid
WHERE c.contype = 'f'
  AND t1.relname = 'subs'
  AND t3.nspname = ANY (current_schemas(false))
ORDER BY c.conname
[0m
  [1m[35m (4.3ms)[0m  SELECT t2.oid::regclass::text AS to_table, a1.attname AS column, a2.attname AS primary_key, c.conname AS name, c.confupdtype AS on_update, c.confdeltype AS on_delete
FROM pg_constraint c
JOIN pg_class t1 ON c.conrelid = t1.oid
JOIN pg_class t2 ON c.confrelid = t2.oid
JOIN pg_attribute a1 ON a1.attnum = c.conkey[1] AND a1.attrelid = t1.oid
JOIN pg_attribute a2 ON a2.attnum = c.confkey[1] AND a2.attrelid = t2.oid
JOIN pg_namespace t3 ON c.connamespace = t3.oid
WHERE c.contype = 'f'
  AND t1.relname = 'user_votes'
  AND t3.nspname = ANY (current_schemas(false))
ORDER BY c.conname

  [1m[36m (2.6ms)[0m  [1mSELECT t2.oid::regclass::text AS to_table, a1.attname AS column, a2.attname AS primary_key, c.conname AS name, c.confupdtype AS on_update, c.confdeltype AS on_delete
FROM pg_constraint c
JOIN pg_class t1 ON c.conrelid = t1.oid
JOIN pg_class t2 ON c.confrelid = t2.oid
JOIN pg_attribute a1 ON a1.attnum = c.conkey[1] AND a1.attrelid = t1.oid
JOIN pg_attribute a2 ON a2.attnum = c.confkey[1] AND a2.attrelid = t2.oid
JOIN pg_namespace t3 ON c.connamespace = t3.oid
WHERE c.contype = 'f'
  AND t1.relname = 'users'
  AND t3.nspname = ANY (current_schemas(false))
ORDER BY c.conname
[0m
  [1m[35m (198.8ms)[0m  DROP DATABASE IF EXISTS "reddit_on_rails_tet"
  [1m[36m (354.5ms)[0m  [1mCREATE DATABASE "reddit_on_rails_tet" ENCODING = 'utf8'[0m
  [1m[35mSQL (0.7ms)[0m  CREATE EXTENSION IF NOT EXISTS "plpgsql"
  [1m[36m (5.5ms)[0m  [1mCREATE TABLE "comments" ("id" serial primary key, "body" text NOT NULL, "parent_comment_id" integer, "post_id" integer NOT NULL, "user_id" integer NOT NULL, "created_at" timestamp, "updated_at" timestamp) [0m
  [1m[35m (1.0ms)[0m  CREATE  INDEX  "index_comments_on_post_id" ON "comments" USING btree ("post_id")
  [1m[36m (2.5ms)[0m  [1mCREATE TABLE "post_subs" ("id" serial primary key, "post_id" integer NOT NULL, "sub_id" integer NOT NULL, "created_at" timestamp, "updated_at" timestamp) [0m
  [1m[35m (1.7ms)[0m  CREATE UNIQUE INDEX  "index_post_subs_on_post_id_and_sub_id" ON "post_subs" USING btree ("post_id", "sub_id")
  [1m[36m (0.9ms)[0m  [1mCREATE  INDEX  "index_post_subs_on_post_id" ON "post_subs" USING btree ("post_id")[0m
  [1m[35m (1.1ms)[0m  CREATE  INDEX  "index_post_subs_on_sub_id" ON "post_subs" USING btree ("sub_id")
  [1m[36m (3.1ms)[0m  [1mCREATE TABLE "posts" ("id" serial primary key, "title" character varying NOT NULL, "url" character varying, "content" text, "user_id" integer NOT NULL, "created_at" timestamp, "updated_at" timestamp) [0m
  [1m[35m (0.9ms)[0m  CREATE  INDEX  "index_posts_on_user_id" ON "posts" USING btree ("user_id")
  [1m[36m (4.3ms)[0m  [1mCREATE TABLE "subs" ("id" serial primary key, "moderator_id" integer NOT NULL, "name" character varying NOT NULL, "description" text NOT NULL, "created_at" timestamp, "updated_at" timestamp) [0m
  [1m[35m (1.8ms)[0m  CREATE UNIQUE INDEX  "index_subs_on_name" ON "subs" USING btree ("name")
  [1m[36m (5.5ms)[0m  [1mCREATE TABLE "user_votes" ("id" serial primary key, "user_id" integer NOT NULL, "value" integer NOT NULL, "created_at" timestamp, "updated_at" timestamp, "votable_id" integer NOT NULL, "votable_type" character varying NOT NULL) [0m
  [1m[35m (1.1ms)[0m  CREATE UNIQUE INDEX  "index_user_votes_on_user_id_and_votable_id_and_votable_type" ON "user_votes" USING btree ("user_id", "votable_id", "votable_type")
  [1m[36m (0.9ms)[0m  [1mCREATE  INDEX  "index_user_votes_on_votable_id_and_votable_type" ON "user_votes" USING btree ("votable_id", "votable_type")[0m
  [1m[35m (5.4ms)[0m  CREATE TABLE "users" ("id" serial primary key, "name" character varying NOT NULL, "password_digest" character varying NOT NULL, "session_token" character varying NOT NULL, "created_at" timestamp, "updated_at" timestamp) 
  [1m[36m (1.0ms)[0m  [1mCREATE UNIQUE INDEX  "index_users_on_name" ON "users" USING btree ("name")[0m
  [1m[35m (1.4ms)[0m  CREATE UNIQUE INDEX  "index_users_on_session_token" ON "users" USING btree ("session_token")
  [1m[36m (3.0ms)[0m  [1mCREATE TABLE "schema_migrations" ("version" character varying NOT NULL) [0m
  [1m[35m (1.0ms)[0m  CREATE UNIQUE INDEX  "unique_schema_migrations" ON "schema_migrations"  ("version")
  [1m[36m (0.3ms)[0m  [1mSELECT version FROM "schema_migrations"[0m
  [1m[35m (0.5ms)[0m  INSERT INTO "schema_migrations" (version) VALUES ('20140829211404')
  [1m[36m (0.7ms)[0m  [1mINSERT INTO "schema_migrations" (version) VALUES ('20131115145804')[0m
  [1m[35m (0.4ms)[0m  INSERT INTO "schema_migrations" (version) VALUES ('20131115200057')
  [1m[36m (0.3ms)[0m  [1mINSERT INTO "schema_migrations" (version) VALUES ('20131117152206')[0m
  [1m[35m (0.5ms)[0m  INSERT INTO "schema_migrations" (version) VALUES ('20131117152446')
  [1m[36m (0.4ms)[0m  [1mINSERT INTO "schema_migrations" (version) VALUES ('20131117152529')[0m
  [1m[35m (0.5ms)[0m  INSERT INTO "schema_migrations" (version) VALUES ('20131117152902')
  [1m[36m (0.5ms)[0m  [1mINSERT INTO "schema_migrations" (version) VALUES ('20140829205518')[0m
